<html>
<head>
<title>TestNG:  Validating the carousel on the homepage(failed)</title>
<link href="../testng.css" rel="stylesheet" type="text/css" />
<link href="../my-testng.css" rel="stylesheet" type="text/css" />

<style type="text/css">
.log { display: none;} 
.stack-trace { display: none;} 
</style>
<script type="text/javascript">
<!--
function flip(e) {
  current = e.style.display;
  if (current == 'block') {
    e.style.display = 'none';
    return 0;
  }
  else {
    e.style.display = 'block';
    return 1;
  }
}

function toggleBox(szDivId, elem, msg1, msg2)
{
  var res = -1;  if (document.getElementById) {
    res = flip(document.getElementById(szDivId));
  }
  else if (document.all) {
    // this is the way old msie versions work
    res = flip(document.all[szDivId]);
  }
  if(elem) {
    if(res == 0) elem.innerHTML = msg1; else elem.innerHTML = msg2;
  }

}

function toggleAllBoxes() {
  if (document.getElementsByTagName) {
    d = document.getElementsByTagName('div');
    for (i = 0; i < d.length; i++) {
      if (d[i].className == 'log') {
        flip(d[i]);
      }
    }
  }
}

// -->
</script>

</head>
<body>
<h2 align='center'>Validating the carousel on the homepage(failed)</h2><table border='1' align="center">
<tr>
<td>Tests passed/Failed/Skipped:</td><td>0/0/1</td>
</tr><tr>
<td>Started on:</td><td>Fri Oct 16 15:50:41 EDT 2020</td>
</tr>
<tr><td>Total time:</td><td>22 seconds (22002 ms)</td>
</tr><tr>
<td>Included groups:</td><td></td>
</tr><tr>
<td>Excluded groups:</td><td></td>
</tr>
</table><p/>
<small><i>(Hover the method name to see the test class name)</i></small><p/>
<table width='100%' border='1' class='invocation-failed'>
<tr><td colspan='4' align='center'><b>FAILED CONFIGURATIONS</b></td></tr>
<tr><td><b>Test method</b></td>
<td width="30%"><b>Exception</b></td>
<td width="10%"><b>Time (seconds)</b></td>
<td><b>Instance</b></td>
</tr>
<tr>
<td title='testcases.HomePageTest.setUp()'><b>setUp</b><br>Test class: testcases.HomePageTest</td>
<td><div><pre>org.openqa.selenium.WebDriverException: Timed out waiting for driver server to start.
Build info: version: &apos;4.0.0-alpha-6&apos;, revision: &apos;5f43a29cfc&apos;
System info: host: &apos;LAPTOP-076B1A2F&apos;, ip: &apos;192.168.1.105&apos;, os.name: &apos;Windows 10&apos;, os.arch: &apos;amd64&apos;, os.version: &apos;10.0&apos;, java.version: &apos;1.8.0_231&apos;
Driver info: driver.version: ChromeDriver
	at org.openqa.selenium.remote.service.DriverService.start(DriverService.java:210)
	at org.openqa.selenium.remote.service.DriverCommandExecutor.execute(DriverCommandExecutor.java:79)
	at org.openqa.selenium.remote.RemoteWebDriver.execute(RemoteWebDriver.java:582)
	at org.openqa.selenium.remote.RemoteWebDriver.startSession(RemoteWebDriver.java:216)
	at org.openqa.selenium.remote.RemoteWebDriver.&lt;init&gt;(RemoteWebDriver.java:136)
	at org.openqa.selenium.chromium.ChromiumDriver.&lt;init&gt;(ChromiumDriver.java:75)
	at org.openqa.selenium.chrome.ChromeDriver.&lt;init&gt;(ChromeDriver.java:163)
	at org.openqa.selenium.chrome.ChromeDriver.&lt;init&gt;(ChromeDriver.java:150)
	at org.openqa.selenium.chrome.ChromeDriver.&lt;init&gt;(ChromeDriver.java:105)
	at testBase.Base.initializeDriver(Base.java:44)
	at testcases.ValidateCourseTest.setUp(ValidateCourseTest.java:28)
	at java.util.concurrent.FutureTask.run(Unknown Source)
	at java.util.concurrent.ThreadPoolExecutor.runWorker(Unknown Source)
	at java.util.concurrent.ThreadPoolExecutor$Worker.run(Unknown Source)
	at java.lang.Thread.run(Unknown Source)
Caused by: java.util.concurrent.ExecutionException: java.lang.RuntimeException: java.lang.InterruptedException
	at java.util.concurrent.CompletableFuture.reportGet(Unknown Source)
	at java.util.concurrent.CompletableFuture.get(Unknown Source)
	at org.openqa.selenium.remote.service.DriverService.start(DriverService.java:204)
	... 28 more
Caused by: java.lang.RuntimeException: java.lang.InterruptedException
	at org.openqa.selenium.net.UrlChecker.waitUntilAvailable(UrlChecker.java:95)
	at org.openqa.selenium.remote.service.DriverService.waitUntilAvailable(DriverService.java:227)
	at org.openqa.selenium.remote.service.DriverService.lambda$start$0(DriverService.java:193)
	at java.util.concurrent.CompletableFuture$AsyncSupply.run(Unknown Source)
	at java.util.concurrent.CompletableFuture$AsyncSupply.exec(Unknown Source)
	at java.util.concurrent.ForkJoinTask.doExec(Unknown Source)
	at java.util.concurrent.ForkJoinPool$WorkQueue.runTask(Unknown Source)
	at java.util.concurrent.ForkJoinPool.runWorker(Unknown Source)
	at java.util.concurrent.ForkJoinWorkerThread.run(Unknown Source)
Caused by: java.lang.InterruptedException
	at java.util.concurrent.FutureTask.awaitDone(Unknown Source)
	at java.util.concurrent.FutureTask.get(Unknown Source)
	at org.openqa.selenium.net.UrlChecker.waitUntilAvailable(UrlChecker.java:88)
	... 8 more
... Removed 14 stack frames</pre></div><a href='#' onClick='toggleBox("stack-trace1184409903", this, "Click to show all stack frames", "Click to hide stack frames")'>Click to show all stack frames</a>
<div class='stack-trace' id='stack-trace1184409903'><pre>org.openqa.selenium.WebDriverException: Timed out waiting for driver server to start.
Build info: version: &apos;4.0.0-alpha-6&apos;, revision: &apos;5f43a29cfc&apos;
System info: host: &apos;LAPTOP-076B1A2F&apos;, ip: &apos;192.168.1.105&apos;, os.name: &apos;Windows 10&apos;, os.arch: &apos;amd64&apos;, os.version: &apos;10.0&apos;, java.version: &apos;1.8.0_231&apos;
Driver info: driver.version: ChromeDriver
	at org.openqa.selenium.remote.service.DriverService.start(DriverService.java:210)
	at org.openqa.selenium.remote.service.DriverCommandExecutor.execute(DriverCommandExecutor.java:79)
	at org.openqa.selenium.remote.RemoteWebDriver.execute(RemoteWebDriver.java:582)
	at org.openqa.selenium.remote.RemoteWebDriver.startSession(RemoteWebDriver.java:216)
	at org.openqa.selenium.remote.RemoteWebDriver.&lt;init&gt;(RemoteWebDriver.java:136)
	at org.openqa.selenium.chromium.ChromiumDriver.&lt;init&gt;(ChromiumDriver.java:75)
	at org.openqa.selenium.chrome.ChromeDriver.&lt;init&gt;(ChromeDriver.java:163)
	at org.openqa.selenium.chrome.ChromeDriver.&lt;init&gt;(ChromeDriver.java:150)
	at org.openqa.selenium.chrome.ChromeDriver.&lt;init&gt;(ChromeDriver.java:105)
	at testBase.Base.initializeDriver(Base.java:44)
	at testcases.ValidateCourseTest.setUp(ValidateCourseTest.java:28)
	at sun.reflect.NativeMethodAccessorImpl.invoke0(Native Method)
	at sun.reflect.NativeMethodAccessorImpl.invoke(Unknown Source)
	at sun.reflect.DelegatingMethodAccessorImpl.invoke(Unknown Source)
	at java.lang.reflect.Method.invoke(Unknown Source)
	at org.testng.internal.MethodInvocationHelper.invokeMethod(MethodInvocationHelper.java:80)
	at org.testng.internal.Invoker.invokeConfigurationMethod(Invoker.java:564)
	at org.testng.internal.Invoker.invokeConfigurations(Invoker.java:213)
	at org.testng.internal.Invoker.invokeConfigurations(Invoker.java:138)
	at org.testng.TestRunner.beforeRun(TestRunner.java:641)
	at org.testng.TestRunner.run(TestRunner.java:609)
	at org.testng.SuiteRunner.runTest(SuiteRunner.java:334)
	at org.testng.SuiteRunner.access$000(SuiteRunner.java:37)
	at org.testng.SuiteRunner$SuiteWorker.run(SuiteRunner.java:368)
	at org.testng.internal.thread.ThreadUtil$2.call(ThreadUtil.java:64)
	at java.util.concurrent.FutureTask.run(Unknown Source)
	at java.util.concurrent.ThreadPoolExecutor.runWorker(Unknown Source)
	at java.util.concurrent.ThreadPoolExecutor$Worker.run(Unknown Source)
	at java.lang.Thread.run(Unknown Source)
Caused by: java.util.concurrent.ExecutionException: java.lang.RuntimeException: java.lang.InterruptedException
	at java.util.concurrent.CompletableFuture.reportGet(Unknown Source)
	at java.util.concurrent.CompletableFuture.get(Unknown Source)
	at org.openqa.selenium.remote.service.DriverService.start(DriverService.java:204)
	... 28 more
Caused by: java.lang.RuntimeException: java.lang.InterruptedException
	at org.openqa.selenium.net.UrlChecker.waitUntilAvailable(UrlChecker.java:95)
	at org.openqa.selenium.remote.service.DriverService.waitUntilAvailable(DriverService.java:227)
	at org.openqa.selenium.remote.service.DriverService.lambda$start$0(DriverService.java:193)
	at java.util.concurrent.CompletableFuture$AsyncSupply.run(Unknown Source)
	at java.util.concurrent.CompletableFuture$AsyncSupply.exec(Unknown Source)
	at java.util.concurrent.ForkJoinTask.doExec(Unknown Source)
	at java.util.concurrent.ForkJoinPool$WorkQueue.runTask(Unknown Source)
	at java.util.concurrent.ForkJoinPool.runWorker(Unknown Source)
	at java.util.concurrent.ForkJoinWorkerThread.run(Unknown Source)
Caused by: java.lang.InterruptedException
	at java.util.concurrent.FutureTask.awaitDone(Unknown Source)
	at java.util.concurrent.FutureTask.get(Unknown Source)
	at org.openqa.selenium.net.UrlChecker.waitUntilAvailable(UrlChecker.java:88)
	... 8 more
</pre></div></td>
<td>0</td>
<td>null</td></tr>
</table><p>
<table width='100%' border='1' class='invocation-skipped'>
<tr><td colspan='4' align='center'><b>SKIPPED CONFIGURATIONS</b></td></tr>
<tr><td><b>Test method</b></td>
<td width="30%"><b>Exception</b></td>
<td width="10%"><b>Time (seconds)</b></td>
<td><b>Instance</b></td>
</tr>
<tr>
<td title='testcases.HomePageTest.tearDown()'><b>tearDown</b><br>Test class: testcases.HomePageTest</td>
<td></td>
<td>0</td>
<td>null</td></tr>
<tr>
<td title='testcases.HomePageTest.tearDown()'><b>tearDown</b><br>Test class: testcases.HomePageTest</td>
<td></td>
<td>0</td>
<td>null</td></tr>
<tr>
<td title='testcases.HomePageTest.tearDown()'><b>tearDown</b><br>Test class: testcases.HomePageTest</td>
<td></td>
<td>0</td>
<td>null</td></tr>
</table><p>
<table width='100%' border='1' class='invocation-skipped'>
<tr><td colspan='4' align='center'><b>SKIPPED TESTS</b></td></tr>
<tr><td><b>Test method</b></td>
<td width="30%"><b>Exception</b></td>
<td width="10%"><b>Time (seconds)</b></td>
<td><b>Instance</b></td>
</tr>
<tr>
<td title='testcases.ValidateCarouselTest.validateCarouselItems()'><b>validateCarouselItems</b><br>Test class: testcases.ValidateCarouselTest</td>
<td></td>
<td>0</td>
<td>testcases.ValidateCarouselTest@4a8355dd</td></tr>
</table><p>
</body>
</html>