<?xml version="1.0" encoding="UTF-8"?>
<testng-results skipped="0" failed="1" total="3" passed="2">
  <reporter-output>
  </reporter-output>
  <suite name="Suite" duration-ms="45572" started-at="2020-10-17T19:21:20Z" finished-at="2020-10-17T19:22:05Z">
    <groups>
    </groups>
    <test name="Validating the carousel on the homepage" duration-ms="15021" started-at="2020-10-17T19:21:20Z" finished-at="2020-10-17T19:21:35Z">
      <class name="testcases.ValidateCarouselTest">
        <test-method status="PASS" signature="setUp()[pri:0, instance:testcases.ValidateCarouselTest@5ddcc487]" name="setUp" is-config="true" duration-ms="6487" started-at="2020-10-17T15:21:20Z" finished-at="2020-10-17T15:21:26Z">
          <reporter-output>
          </reporter-output>
        </test-method> <!-- setUp -->
        <test-method status="FAIL" signature="validateCarouselItems()[pri:0, instance:testcases.ValidateCarouselTest@5ddcc487]" name="validateCarouselItems" duration-ms="6633" started-at="2020-10-17T15:21:26Z" finished-at="2020-10-17T15:21:33Z">
          <exception class="java.lang.AssertionError">
            <message>
              <![CDATA[expected [Practice Project] but found [PRACTICE PROJECT]]]>
            </message>
            <full-stacktrace>
              <![CDATA[java.lang.AssertionError: expected [Practice Project] but found [PRACTICE PROJECT]
	at org.testng.Assert.fail(Assert.java:94)
	at org.testng.Assert.failNotEquals(Assert.java:494)
	at org.testng.Assert.assertEquals(Assert.java:123)
	at org.testng.Assert.assertEquals(Assert.java:176)
	at org.testng.Assert.assertEquals(Assert.java:186)
	at testcases.ValidateCarouselTest.validateCarouselItems(ValidateCarouselTest.java:39)
	at sun.reflect.NativeMethodAccessorImpl.invoke0(Native Method)
	at sun.reflect.NativeMethodAccessorImpl.invoke(Unknown Source)
	at sun.reflect.DelegatingMethodAccessorImpl.invoke(Unknown Source)
	at java.lang.reflect.Method.invoke(Unknown Source)
	at org.testng.internal.MethodInvocationHelper.invokeMethod(MethodInvocationHelper.java:80)
	at org.testng.internal.Invoker.invokeMethod(Invoker.java:714)
	at org.testng.internal.Invoker.invokeTestMethod(Invoker.java:901)
	at org.testng.internal.Invoker.invokeTestMethods(Invoker.java:1231)
	at org.testng.internal.TestMethodWorker.invokeTestMethods(TestMethodWorker.java:127)
	at org.testng.internal.TestMethodWorker.run(TestMethodWorker.java:111)
	at org.testng.TestRunner.privateRun(TestRunner.java:767)
	at org.testng.TestRunner.run(TestRunner.java:617)
	at org.testng.SuiteRunner.runTest(SuiteRunner.java:334)
	at org.testng.SuiteRunner.access$000(SuiteRunner.java:37)
	at org.testng.SuiteRunner$SuiteWorker.run(SuiteRunner.java:368)
	at org.testng.internal.thread.ThreadUtil$2.call(ThreadUtil.java:64)
	at java.util.concurrent.FutureTask.run(Unknown Source)
	at java.util.concurrent.ThreadPoolExecutor.runWorker(Unknown Source)
	at java.util.concurrent.ThreadPoolExecutor$Worker.run(Unknown Source)
	at java.lang.Thread.run(Unknown Source)
]]>
            </full-stacktrace>
          </exception> <!-- java.lang.AssertionError -->
          <reporter-output>
          </reporter-output>
        </test-method> <!-- validateCarouselItems -->
        <test-method status="PASS" signature="tearDown()[pri:0, instance:testcases.ValidateCarouselTest@5ddcc487]" name="tearDown" is-config="true" duration-ms="1480" started-at="2020-10-17T15:21:33Z" finished-at="2020-10-17T15:21:35Z">
          <reporter-output>
          </reporter-output>
        </test-method> <!-- tearDown -->
      </class> <!-- testcases.ValidateCarouselTest -->
    </test> <!-- Validating the carousel on the homepage -->
    <test name="Validating the course title" duration-ms="20888" started-at="2020-10-17T19:21:20Z" finished-at="2020-10-17T19:21:41Z">
      <class name="testcases.ValidateCourseTest">
        <test-method status="PASS" signature="setUp()[pri:0, instance:testcases.ValidateCourseTest@42530531]" name="setUp" is-config="true" duration-ms="8420" started-at="2020-10-17T15:21:20Z" finished-at="2020-10-17T15:21:28Z">
          <reporter-output>
          </reporter-output>
        </test-method> <!-- setUp -->
        <test-method status="PASS" signature="validateCourse()[pri:0, instance:testcases.ValidateCourseTest@42530531]" name="validateCourse" duration-ms="11220" started-at="2020-10-17T15:21:28Z" finished-at="2020-10-17T15:21:40Z">
          <reporter-output>
          </reporter-output>
        </test-method> <!-- validateCourse -->
        <test-method status="PASS" signature="tearDown()[pri:0, instance:testcases.ValidateCourseTest@42530531]" name="tearDown" is-config="true" duration-ms="1243" started-at="2020-10-17T15:21:40Z" finished-at="2020-10-17T15:21:41Z">
          <reporter-output>
          </reporter-output>
        </test-method> <!-- tearDown -->
      </class> <!-- testcases.ValidateCourseTest -->
    </test> <!-- Validating the course title -->
    <test name="Logging into PortalHomePage" duration-ms="45572" started-at="2020-10-17T19:21:20Z" finished-at="2020-10-17T19:22:05Z">
      <class name="testcases.HomePageTest">
        <test-method status="PASS" signature="setUp()[pri:0, instance:testcases.HomePageTest@1ab06251]" name="setUp" is-config="true" duration-ms="7477" started-at="2020-10-17T15:21:20Z" finished-at="2020-10-17T15:21:27Z">
          <reporter-output>
          </reporter-output>
        </test-method> <!-- setUp -->
        <test-method status="PASS" signature="HomeTest()[pri:0, instance:testcases.HomePageTest@1ab06251]" name="HomeTest" duration-ms="37373" started-at="2020-10-17T15:21:27Z" finished-at="2020-10-17T15:22:05Z">
          <reporter-output>
          </reporter-output>
        </test-method> <!-- HomeTest -->
        <test-method status="PASS" signature="tearDown()[pri:0, instance:testcases.HomePageTest@1ab06251]" name="tearDown" is-config="true" duration-ms="719" started-at="2020-10-17T15:22:05Z" finished-at="2020-10-17T15:22:05Z">
          <reporter-output>
          </reporter-output>
        </test-method> <!-- tearDown -->
      </class> <!-- testcases.HomePageTest -->
    </test> <!-- Logging into PortalHomePage -->
  </suite> <!-- Suite -->
</testng-results>
